Performing C SOURCE FILE Test CMAKE_HAVE_LIBC_PTHREAD failed with the following output:
Change Dir: /home/vishaal/Vishaal/UMD_Sem_3/ENPM808X/ENPM808X_Midterm_Project/build/CMakeFiles/CMakeTmp

Run Build Command(s):/usr/bin/make -f Makefile cmTC_14562/fast && /usr/bin/make  -f CMakeFiles/cmTC_14562.dir/build.make CMakeFiles/cmTC_14562.dir/build
make[1]: Entering directory '/home/vishaal/Vishaal/UMD_Sem_3/ENPM808X/ENPM808X_Midterm_Project/build/CMakeFiles/CMakeTmp'
Building C object CMakeFiles/cmTC_14562.dir/src.c.o
/usr/bin/cc -DCMAKE_HAVE_LIBC_PTHREAD   -o CMakeFiles/cmTC_14562.dir/src.c.o -c /home/vishaal/Vishaal/UMD_Sem_3/ENPM808X/ENPM808X_Midterm_Project/build/CMakeFiles/CMakeTmp/src.c
Linking C executable cmTC_14562
/usr/bin/cmake -E cmake_link_script CMakeFiles/cmTC_14562.dir/link.txt --verbose=1
/usr/bin/cc -rdynamic CMakeFiles/cmTC_14562.dir/src.c.o -o cmTC_14562 
/usr/bin/ld: CMakeFiles/cmTC_14562.dir/src.c.o: in function `main':
src.c:(.text+0x46): undefined reference to `pthread_create'
/usr/bin/ld: src.c:(.text+0x52): undefined reference to `pthread_detach'
/usr/bin/ld: src.c:(.text+0x5e): undefined reference to `pthread_cancel'
/usr/bin/ld: src.c:(.text+0x6f): undefined reference to `pthread_join'
collect2: error: ld returned 1 exit status
make[1]: *** [CMakeFiles/cmTC_14562.dir/build.make:99: cmTC_14562] Error 1
make[1]: Leaving directory '/home/vishaal/Vishaal/UMD_Sem_3/ENPM808X/ENPM808X_Midterm_Project/build/CMakeFiles/CMakeTmp'
make: *** [Makefile:127: cmTC_14562/fast] Error 2


Source file was:
#include <pthread.h>

static void* test_func(void* data)
{
  return data;
}

int main(void)
{
  pthread_t thread;
  pthread_create(&thread, NULL, test_func, NULL);
  pthread_detach(thread);
  pthread_cancel(thread);
  pthread_join(thread, NULL);
  pthread_atfork(NULL, NULL, NULL);
  pthread_exit(NULL);

  return 0;
}

Determining if the function pthread_create exists in the pthreads failed with the following output:
Change Dir: /home/vishaal/Vishaal/UMD_Sem_3/ENPM808X/ENPM808X_Midterm_Project/build/CMakeFiles/CMakeTmp

Run Build Command(s):/usr/bin/make -f Makefile cmTC_2bfa7/fast && /usr/bin/make  -f CMakeFiles/cmTC_2bfa7.dir/build.make CMakeFiles/cmTC_2bfa7.dir/build
make[1]: Entering directory '/home/vishaal/Vishaal/UMD_Sem_3/ENPM808X/ENPM808X_Midterm_Project/build/CMakeFiles/CMakeTmp'
Building C object CMakeFiles/cmTC_2bfa7.dir/CheckFunctionExists.c.o
/usr/bin/cc   -DCHECK_FUNCTION_EXISTS=pthread_create -o CMakeFiles/cmTC_2bfa7.dir/CheckFunctionExists.c.o -c /usr/share/cmake-3.22/Modules/CheckFunctionExists.c
Linking C executable cmTC_2bfa7
/usr/bin/cmake -E cmake_link_script CMakeFiles/cmTC_2bfa7.dir/link.txt --verbose=1
/usr/bin/cc  -DCHECK_FUNCTION_EXISTS=pthread_create -rdynamic CMakeFiles/cmTC_2bfa7.dir/CheckFunctionExists.c.o -o cmTC_2bfa7  -lpthreads 
/usr/bin/ld: cannot find -lpthreads
collect2: error: ld returned 1 exit status
make[1]: *** [CMakeFiles/cmTC_2bfa7.dir/build.make:99: cmTC_2bfa7] Error 1
make[1]: Leaving directory '/home/vishaal/Vishaal/UMD_Sem_3/ENPM808X/ENPM808X_Midterm_Project/build/CMakeFiles/CMakeTmp'
make: *** [Makefile:127: cmTC_2bfa7/fast] Error 2



Performing C SOURCE FILE Test CMAKE_HAVE_LIBC_PTHREAD failed with the following output:
Change Dir: /home/vishaal/Vishaal/UMD_Sem_3/ENPM808X/ENPM808X_Midterm_Project/build/CMakeFiles/CMakeTmp

Run Build Command(s):/usr/bin/ninja cmTC_52662 && [1/2] Building C object CMakeFiles/cmTC_52662.dir/src.c.o
[2/2] Linking C executable cmTC_52662
FAILED: cmTC_52662 
: && /usr/bin/gcc-9  -rdynamic CMakeFiles/cmTC_52662.dir/src.c.o -o cmTC_52662   && :
/usr/bin/ld: CMakeFiles/cmTC_52662.dir/src.c.o: in function `main':
src.c:(.text+0x46): undefined reference to `pthread_create'
/usr/bin/ld: src.c:(.text+0x52): undefined reference to `pthread_detach'
/usr/bin/ld: src.c:(.text+0x5e): undefined reference to `pthread_cancel'
/usr/bin/ld: src.c:(.text+0x6f): undefined reference to `pthread_join'
collect2: error: ld returned 1 exit status
ninja: build stopped: subcommand failed.


Source file was:
#include <pthread.h>

static void* test_func(void* data)
{
  return data;
}

int main(void)
{
  pthread_t thread;
  pthread_create(&thread, NULL, test_func, NULL);
  pthread_detach(thread);
  pthread_cancel(thread);
  pthread_join(thread, NULL);
  pthread_atfork(NULL, NULL, NULL);
  pthread_exit(NULL);

  return 0;
}

Determining if the function pthread_create exists in the pthreads failed with the following output:
Change Dir: /home/vishaal/Vishaal/UMD_Sem_3/ENPM808X/ENPM808X_Midterm_Project/build/CMakeFiles/CMakeTmp

Run Build Command(s):/usr/bin/ninja cmTC_f1724 && [1/2] Building C object CMakeFiles/cmTC_f1724.dir/CheckFunctionExists.c.o
[2/2] Linking C executable cmTC_f1724
FAILED: cmTC_f1724 
: && /usr/bin/gcc-9 -DCHECK_FUNCTION_EXISTS=pthread_create -rdynamic CMakeFiles/cmTC_f1724.dir/CheckFunctionExists.c.o -o cmTC_f1724  -lpthreads && :
/usr/bin/ld: cannot find -lpthreads
collect2: error: ld returned 1 exit status
ninja: build stopped: subcommand failed.



